69) Config File = PixelsToKeys.config
3) ConstantPixel = 0x010233
8) ConstantPixel=-16711117
0) ConstantLocX = 0
1) ConstantLocX=0
0) ConstantLocY = 7
0) ConstantLocY=7
1) begin thread call
1) end thread call
292) begin PixelsToKeys
77) end initComponents
0) end PixelsToKeys
paintComponent: 300 x 50
paintComponent: 300 x 50
49442) 	px0Hex:ff010233	px1Bin:000000000000000000000000000000000000000000000000000000000000000000000000000000000000000000000000000000000000000000000000000000010000000000000000	cycle:18
416) 	px0Hex:ff010233	px1Bin:000000000000000000000000000000000000000000000000000000000000000000000000000000000000000000000000000000000000000000000000000000000000000000000000	cycle:15
9001) 	px0Hex:ff010233	px1Bin:000000000000000000000001000000000000000000000001000000000000000000000001000000000000000000000001000000000000000000000000000000000000000000000001 Press(48):VK_0 Press(77):VK_M Press(103):VK_NUMPAD7 Press(145):VK_SCROLL_LOCK	cycle:18
134) 	px0Hex:ff010233	px1Bin:000000000000000000000001000000000000000000000001000000000000000000000000000000000000000000000000000000000000000000000000000000000000000000000000 Press(48):VK_0 Press(77):VK_M	cycle:18
565) 	px0Hex:ff010233	px1Bin:000000000000000000000000000000000000000000000000000000000000000000000000000000000000000000000000000000000000000000000000000000000000000000000000	cycle:16
334) java.lang.IllegalArgumentException: Invalid key code
1) 	px0Hex:ff010233	px1Bin:000000000000000000000000000000000000000000000000000000000000000000000000000000010000000000000000000000010000000100000000000000000000000000000000 Press(110):VK_DECIMAL Press(161):VK_BRACELEFT Press(524):VK_WINDOWS	cycle:17
18) java.lang.IllegalArgumentException: Invalid key code
4) 	px0Hex:ff010233	px1Bin:000000000000000000000000000000000000000000000000000000000000000000000000000000000000000000000000000000000000000000000000000000000000000000000000 Release(110):VK_DECIMAL Release(161):VK_BRACELEFT Release(524):VK_WINDOWS	cycle:22
